<?xml version="1.0" encoding="UTF-8"?>
<!-- Generated by org.testng.reporters.JUnitReportReporter -->
<testsuite hostname="DESKTOP-V14JGKR" failures="0" tests="1" name="com.automationtesting.tests.LoginTest" time="7.342" errors="0" timestamp="2025-01-14T10:17:52 ICT" skipped="0">
  <testcase classname="com.automationtesting.tests.LoginTest" name="testLogin" time="7.342"/>
</testsuite> <!-- com.automationtesting.tests.LoginTest -->
